ipex flag is deprecated, will be removed in Accelerate v1.10. From 2.7.0, PyTorch has all needed optimizations for Intel CPU and XPU.
The following values were not passed to `accelerate launch` and had defaults used instead:
		More than one GPU was found, enabling multi-GPU training.
		If this was unintended please pass in `--num_processes=1`.
	`--dynamo_backend` was set to a value of `'no'`
To avoid this warning pass in values for each of the problematic parameters or run `accelerate config`.
/mnt/amlfs-01/home/dniu/anaconda3/envs/dex_mot/lib/python3.10/site-packages/accelerate/utils/launch.py:238: UserWarning: Port `29500` is already in use. Accelerate will attempt to launch in a standalone-like mode by finding an open port automatically for this session. If this current attempt fails, or for more control in future runs, please specify a different port (e.g., `--main_process_port <your_chosen_port>`) or use `--main_process_port 0` for automatic selection in your launch command or Accelerate config file.
  warnings.warn(
[rank3]:[W504 03:30:26.656087982 ProcessGroupNCCL.cpp:4561] [PG ID 0 PG GUID 0 Rank 3]  using GPU 3 to perform barrier as devices used by this process are currently unknown. This can potentially cause a hang if this rank to GPU mapping is incorrect. Specify device_ids in barrier() to force use of a particular device, or call init_process_group() with a device_id.
[rank4]:[W504 03:30:27.746276627 ProcessGroupNCCL.cpp:4561] [PG ID 0 PG GUID 0 Rank 4]  using GPU 4 to perform barrier as devices used by this process are currently unknown. This can potentially cause a hang if this rank to GPU mapping is incorrect. Specify device_ids in barrier() to force use of a particular device, or call init_process_group() with a device_id.
[rank1]:[W504 03:30:27.801914978 ProcessGroupNCCL.cpp:4561] [PG ID 0 PG GUID 0 Rank 1]  using GPU 1 to perform barrier as devices used by this process are currently unknown. This can potentially cause a hang if this rank to GPU mapping is incorrect. Specify device_ids in barrier() to force use of a particular device, or call init_process_group() with a device_id.
[rank2]:[W504 03:30:27.878453229 ProcessGroupNCCL.cpp:4561] [PG ID 0 PG GUID 0 Rank 2]  using GPU 2 to perform barrier as devices used by this process are currently unknown. This can potentially cause a hang if this rank to GPU mapping is incorrect. Specify device_ids in barrier() to force use of a particular device, or call init_process_group() with a device_id.
[rank5]:[W504 03:30:27.912538576 ProcessGroupNCCL.cpp:4561] [PG ID 0 PG GUID 0 Rank 5]  using GPU 5 to perform barrier as devices used by this process are currently unknown. This can potentially cause a hang if this rank to GPU mapping is incorrect. Specify device_ids in barrier() to force use of a particular device, or call init_process_group() with a device_id.
[rank7]:[W504 03:30:27.933581505 ProcessGroupNCCL.cpp:4561] [PG ID 0 PG GUID 0 Rank 7]  using GPU 7 to perform barrier as devices used by this process are currently unknown. This can potentially cause a hang if this rank to GPU mapping is incorrect. Specify device_ids in barrier() to force use of a particular device, or call init_process_group() with a device_id.
[rank0]:[W504 03:30:27.962058314 ProcessGroupNCCL.cpp:4561] [PG ID 0 PG GUID 0 Rank 0]  using GPU 0 to perform barrier as devices used by this process are currently unknown. This can potentially cause a hang if this rank to GPU mapping is incorrect. Specify device_ids in barrier() to force use of a particular device, or call init_process_group() with a device_id.
[rank6]:[W504 03:30:27.975553359 ProcessGroupNCCL.cpp:4561] [PG ID 0 PG GUID 0 Rank 6]  using GPU 6 to perform barrier as devices used by this process are currently unknown. This can potentially cause a hang if this rank to GPU mapping is incorrect. Specify device_ids in barrier() to force use of a particular device, or call init_process_group() with a device_id.
[VQ-VAE] run_dir = /mnt/amlfs-02/shared/human_egocentric/dniu/Dex-MoT/mot_arch/ckpts/dex_mot_expert/tactile_vqvae/vqvae_f6_w16_k1024_fix_0504_0329
[VQ-VAE] device  = cuda:0, mixed_precision=bf16
[VQ-VAE] Scanning /mnt/amlfs-02/shared/human_egocentric/dniu/Dex-MoT/mot_arch/data/midtrain/merged for episodes …
[VQ-VAE] tacf6_min[:6] = [-11.921875    -0.4597168   -0.4951172   -0.39526367  -0.09002686
  -0.19238281], tacf6_max[:6] = [5.9453125e+00 1.8375000e+01 2.2440430e+01 8.9035034e-03 2.3315430e-02
 1.0499191e-01]
[VQ-VAE] train: 5912 eps / 2993228 windows ; val: 121 eps / 59236 windows
[VQ-VAE] config: {
  "window": 16,
  "in_channels": 30,
  "hidden_channels": 128,
  "bottleneck_channels": 256,
  "embed_dim": 256,
  "n_strided_blocks": 2,
  "codebook_size": 1024,
  "commitment_weight": 0.25,
  "decay": 0.99,
  "revive_freq": 50,
  "revive_threshold": 5.0,
  "use_magnitude_weight": true,
  "weight_alpha": 4.0,
  "weight_tau": 10.0,
  "init_mode": "uniform"
}
[VQ-VAE] params: 0.93M
wandb: Using wandb-core as the SDK backend. Please refer to https://wandb.me/wandb-core for more information.
wandb: Currently logged in as: liumail2023 (liumail2023-peking-university). Use `wandb login --relogin` to force relogin
wandb: Tracking run with wandb version 0.18.3
wandb: Run data is saved locally in /mnt/amlfs-01/home/dniu/Project/dex-mot/mot/dex_mot_expert/wandb/run-20260504_033045-7ngonvg2
wandb: Run `wandb offline` to turn off syncing.
wandb: Syncing run vqvae_f6_w16_k1024_fix_0504_0329
wandb: ⭐️ View project at https://wandb.ai/liumail2023-peking-university/dex_mot_tactile_vqvae
wandb: 🚀 View run at https://wandb.ai/liumail2023-peking-university/dex_mot_tactile_vqvae/runs/7ngonvg2
[VQ-VAE] 30 epochs × 1461 steps = 43830 total optimizer steps (per rank)
[step       0 | ep  0] recon=0.4776 vq=0.0186 perp=6.8 active=64/1024 revived=0 lr=6.00e-07 elapsed=5s
[step      50 | ep  0] recon=0.1365 vq=0.0012 perp=382.4 active=557/1024 revived=0 lr=3.06e-05 elapsed=45s
[step     100 | ep  0] recon=0.0692 vq=0.0062 perp=5.5 active=11/1024 revived=0 lr=6.06e-05 elapsed=89s
[step     150 | ep  0] recon=0.0590 vq=0.0034 perp=406.9 active=573/1024 revived=0 lr=9.06e-05 elapsed=131s
[step     200 | ep  0] recon=0.0412 vq=0.0226 perp=7.4 active=14/1024 revived=0 lr=1.21e-04 elapsed=175s
